ERROR - 2022-11-04 12:19:53 --> mysqli_sql_exception: Unknown column 'fecha' in 'order clause' in C:\laragon\www\Solutoria\system\Database\MySQLi\Connection.php:292
Stack trace:
#0 C:\laragon\www\Solutoria\system\Database\MySQLi\Connection.php(292): mysqli->query('SELECT * FROM d...', 0)
#1 C:\laragon\www\Solutoria\system\Database\BaseConnection.php(666): CodeIgniter\Database\MySQLi\Connection->execute('SELECT * FROM d...')
#2 C:\laragon\www\Solutoria\system\Database\BaseConnection.php(593): CodeIgniter\Database\BaseConnection->simpleQuery('SELECT * FROM d...')
#3 C:\laragon\www\Solutoria\app\Models\Crud_model.php(49): CodeIgniter\Database\BaseConnection->query('SELECT * FROM d...')
#4 C:\laragon\www\Solutoria\app\Controllers\Crud.php(44): App\Models\Crud_model->get_data()
#5 C:\laragon\www\Solutoria\system\CodeIgniter.php(927): App\Controllers\Crud->read()
#6 C:\laragon\www\Solutoria\system\CodeIgniter.php(482): CodeIgniter\CodeIgniter->runController(Object(App\Controllers\Crud))
#7 C:\laragon\www\Solutoria\system\CodeIgniter.php(351): CodeIgniter\CodeIgniter->handleRequest(NULL, Object(Config\Cache), false)
#8 C:\laragon\www\Solutoria\public\index.php(67): CodeIgniter\CodeIgniter->run()
#9 C:\laragon\www\Solutoria\system\Commands\Server\rewrite.php(46): require_once('C:\\laragon\\www\\...')
#10 {main}
ERROR - 2022-11-04 12:20:37 --> mysqli_sql_exception: Unknown column 'fecha' in 'order clause' in C:\laragon\www\Solutoria\system\Database\MySQLi\Connection.php:292
Stack trace:
#0 C:\laragon\www\Solutoria\system\Database\MySQLi\Connection.php(292): mysqli->query('SELECT * FROM d...', 0)
#1 C:\laragon\www\Solutoria\system\Database\BaseConnection.php(666): CodeIgniter\Database\MySQLi\Connection->execute('SELECT * FROM d...')
#2 C:\laragon\www\Solutoria\system\Database\BaseConnection.php(593): CodeIgniter\Database\BaseConnection->simpleQuery('SELECT * FROM d...')
#3 C:\laragon\www\Solutoria\app\Models\Crud_model.php(49): CodeIgniter\Database\BaseConnection->query('SELECT * FROM d...')
#4 C:\laragon\www\Solutoria\app\Controllers\Crud.php(44): App\Models\Crud_model->get_data()
#5 C:\laragon\www\Solutoria\system\CodeIgniter.php(927): App\Controllers\Crud->read()
#6 C:\laragon\www\Solutoria\system\CodeIgniter.php(482): CodeIgniter\CodeIgniter->runController(Object(App\Controllers\Crud))
#7 C:\laragon\www\Solutoria\system\CodeIgniter.php(351): CodeIgniter\CodeIgniter->handleRequest(NULL, Object(Config\Cache), false)
#8 C:\laragon\www\Solutoria\public\index.php(67): CodeIgniter\CodeIgniter->run()
#9 C:\laragon\www\Solutoria\system\Commands\Server\rewrite.php(46): require_once('C:\\laragon\\www\\...')
#10 {main}
CRITICAL - 2022-11-04 12:20:37 --> Call to a member function result() on bool
in APPPATH\Models\Crud_model.php on line 50.
 1 APPPATH\Controllers\Crud.php(44): App\Models\Crud_model->get_data()
 2 SYSTEMPATH\CodeIgniter.php(927): App\Controllers\Crud->read()
 3 SYSTEMPATH\CodeIgniter.php(482): CodeIgniter\CodeIgniter->runController(Object(App\Controllers\Crud))
 4 SYSTEMPATH\CodeIgniter.php(351): CodeIgniter\CodeIgniter->handleRequest(null, Object(Config\Cache), false)
 5 FCPATH\index.php(67): CodeIgniter\CodeIgniter->run()
 6 SYSTEMPATH\Commands\Server\rewrite.php(46): require_once('FCPATH\\index.php')
CRITICAL - 2022-11-04 12:21:34 --> Call to undefined method CodeIgniter\Database\MySQLi\Connection::limit()
in APPPATH\Models\Crud_model.php on line 45.
 1 APPPATH\Controllers\Crud.php(44): App\Models\Crud_model->get_data()
 2 SYSTEMPATH\CodeIgniter.php(927): App\Controllers\Crud->read()
 3 SYSTEMPATH\CodeIgniter.php(482): CodeIgniter\CodeIgniter->runController(Object(App\Controllers\Crud))
 4 SYSTEMPATH\CodeIgniter.php(351): CodeIgniter\CodeIgniter->handleRequest(null, Object(Config\Cache), false)
 5 FCPATH\index.php(67): CodeIgniter\CodeIgniter->run()
 6 SYSTEMPATH\Commands\Server\rewrite.php(46): require_once('FCPATH\\index.php')
CRITICAL - 2022-11-04 12:22:58 --> Call to undefined method CodeIgniter\Database\MySQLi\Connection::limit()
in APPPATH\Models\Crud_model.php on line 45.
 1 APPPATH\Controllers\Crud.php(44): App\Models\Crud_model->get_data()
 2 SYSTEMPATH\CodeIgniter.php(927): App\Controllers\Crud->read()
 3 SYSTEMPATH\CodeIgniter.php(482): CodeIgniter\CodeIgniter->runController(Object(App\Controllers\Crud))
 4 SYSTEMPATH\CodeIgniter.php(351): CodeIgniter\CodeIgniter->handleRequest(null, Object(Config\Cache), false)
 5 FCPATH\index.php(67): CodeIgniter\CodeIgniter->run()
 6 SYSTEMPATH\Commands\Server\rewrite.php(46): require_once('FCPATH\\index.php')
CRITICAL - 2022-11-04 12:23:02 --> Call to undefined method CodeIgniter\Database\MySQLi\Connection::limit()
in APPPATH\Models\Crud_model.php on line 45.
 1 APPPATH\Controllers\Crud.php(44): App\Models\Crud_model->get_data()
 2 SYSTEMPATH\CodeIgniter.php(927): App\Controllers\Crud->read()
 3 SYSTEMPATH\CodeIgniter.php(482): CodeIgniter\CodeIgniter->runController(Object(App\Controllers\Crud))
 4 SYSTEMPATH\CodeIgniter.php(351): CodeIgniter\CodeIgniter->handleRequest(null, Object(Config\Cache), false)
 5 FCPATH\index.php(67): CodeIgniter\CodeIgniter->run()
 6 SYSTEMPATH\Commands\Server\rewrite.php(46): require_once('FCPATH\\index.php')
CRITICAL - 2022-11-04 12:23:38 --> Call to undefined method CodeIgniter\Database\MySQLi\Connection::limit()
in APPPATH\Models\Crud_model.php on line 45.
 1 APPPATH\Controllers\Crud.php(44): App\Models\Crud_model->get_data()
 2 SYSTEMPATH\CodeIgniter.php(927): App\Controllers\Crud->read()
 3 SYSTEMPATH\CodeIgniter.php(482): CodeIgniter\CodeIgniter->runController(Object(App\Controllers\Crud))
 4 SYSTEMPATH\CodeIgniter.php(351): CodeIgniter\CodeIgniter->handleRequest(null, Object(Config\Cache), false)
 5 FCPATH\index.php(67): CodeIgniter\CodeIgniter->run()
 6 SYSTEMPATH\Commands\Server\rewrite.php(46): require_once('FCPATH\\index.php')
CRITICAL - 2022-11-04 12:23:46 --> Call to undefined method CodeIgniter\Database\MySQLi\Connection::limit()
in APPPATH\Models\Crud_model.php on line 45.
 1 APPPATH\Controllers\Crud.php(44): App\Models\Crud_model->get_data()
 2 SYSTEMPATH\CodeIgniter.php(927): App\Controllers\Crud->read()
 3 SYSTEMPATH\CodeIgniter.php(482): CodeIgniter\CodeIgniter->runController(Object(App\Controllers\Crud))
 4 SYSTEMPATH\CodeIgniter.php(351): CodeIgniter\CodeIgniter->handleRequest(null, Object(Config\Cache), false)
 5 FCPATH\index.php(67): CodeIgniter\CodeIgniter->run()
 6 SYSTEMPATH\Commands\Server\rewrite.php(46): require_once('FCPATH\\index.php')
CRITICAL - 2022-11-04 12:23:59 --> Call to undefined method CodeIgniter\Database\MySQLi\Connection::limit()
in APPPATH\Models\Crud_model.php on line 45.
 1 APPPATH\Controllers\Crud.php(44): App\Models\Crud_model->get_data()
 2 SYSTEMPATH\CodeIgniter.php(927): App\Controllers\Crud->read()
 3 SYSTEMPATH\CodeIgniter.php(482): CodeIgniter\CodeIgniter->runController(Object(App\Controllers\Crud))
 4 SYSTEMPATH\CodeIgniter.php(351): CodeIgniter\CodeIgniter->handleRequest(null, Object(Config\Cache), false)
 5 FCPATH\index.php(67): CodeIgniter\CodeIgniter->run()
 6 SYSTEMPATH\Commands\Server\rewrite.php(46): require_once('FCPATH\\index.php')
CRITICAL - 2022-11-04 12:24:28 --> Call to undefined method CodeIgniter\Database\MySQLi\Connection::limit()
in APPPATH\Models\Crud_model.php on line 46.
 1 APPPATH\Controllers\Crud.php(44): App\Models\Crud_model->get_data()
 2 SYSTEMPATH\CodeIgniter.php(927): App\Controllers\Crud->read()
 3 SYSTEMPATH\CodeIgniter.php(482): CodeIgniter\CodeIgniter->runController(Object(App\Controllers\Crud))
 4 SYSTEMPATH\CodeIgniter.php(351): CodeIgniter\CodeIgniter->handleRequest(null, Object(Config\Cache), false)
 5 FCPATH\index.php(67): CodeIgniter\CodeIgniter->run()
 6 SYSTEMPATH\Commands\Server\rewrite.php(46): require_once('FCPATH\\index.php')
CRITICAL - 2022-11-04 12:24:53 --> Call to undefined method CodeIgniter\Database\MySQLi\Connection::limit()
in APPPATH\Models\Crud_model.php on line 46.
 1 APPPATH\Controllers\Crud.php(44): App\Models\Crud_model->get_data()
 2 SYSTEMPATH\CodeIgniter.php(927): App\Controllers\Crud->read()
 3 SYSTEMPATH\CodeIgniter.php(482): CodeIgniter\CodeIgniter->runController(Object(App\Controllers\Crud))
 4 SYSTEMPATH\CodeIgniter.php(351): CodeIgniter\CodeIgniter->handleRequest(null, Object(Config\Cache), false)
 5 FCPATH\index.php(67): CodeIgniter\CodeIgniter->run()
 6 SYSTEMPATH\Commands\Server\rewrite.php(46): require_once('FCPATH\\index.php')
CRITICAL - 2022-11-04 12:25:49 --> Call to undefined method CodeIgniter\Database\MySQLi\Connection::limit()
in APPPATH\Models\Crud_model.php on line 46.
 1 APPPATH\Controllers\Crud.php(44): App\Models\Crud_model->get_data()
 2 SYSTEMPATH\CodeIgniter.php(927): App\Controllers\Crud->read()
 3 SYSTEMPATH\CodeIgniter.php(482): CodeIgniter\CodeIgniter->runController(Object(App\Controllers\Crud))
 4 SYSTEMPATH\CodeIgniter.php(351): CodeIgniter\CodeIgniter->handleRequest(null, Object(Config\Cache), false)
 5 FCPATH\index.php(67): CodeIgniter\CodeIgniter->run()
 6 SYSTEMPATH\Commands\Server\rewrite.php(46): require_once('FCPATH\\index.php')
CRITICAL - 2022-11-04 12:28:11 --> syntax error, unexpected '->' (T_OBJECT_OPERATOR), expecting identifier (T_STRING) or variable (T_VARIABLE) or '{' or '$'
in APPPATH\Controllers\Crud.php on line 47.
 1 SYSTEMPATH\Autoloader\Autoloader.php(259): CodeIgniter\Autoloader\Autoloader->includeFile('APPPATH\\Controllers\\Crud.php')
 2 SYSTEMPATH\Autoloader\Autoloader.php(237): CodeIgniter\Autoloader\Autoloader->loadInNamespace('App\\Controllers\\Crud')
 3 [internal function]: CodeIgniter\Autoloader\Autoloader->loadClass('App\\Controllers\\Crud')
 4 [internal function]: spl_autoload_call('App\\Controllers\\Crud')
 5 SYSTEMPATH\CodeIgniter.php(877): class_exists('\\App\\Controllers\\Crud', true)
 6 SYSTEMPATH\CodeIgniter.php(469): CodeIgniter\CodeIgniter->startController()
 7 SYSTEMPATH\CodeIgniter.php(351): CodeIgniter\CodeIgniter->handleRequest(null, Object(Config\Cache), false)
 8 FCPATH\index.php(67): CodeIgniter\CodeIgniter->run()
 9 SYSTEMPATH\Commands\Server\rewrite.php(46): require_once('FCPATH\\index.php')
ERROR - 2022-11-04 12:28:24 --> mysqli_sql_exception: Unknown column 'fecha' in 'order clause' in C:\laragon\www\Solutoria\system\Database\MySQLi\Connection.php:292
Stack trace:
#0 C:\laragon\www\Solutoria\system\Database\MySQLi\Connection.php(292): mysqli->query('SELECT *\nFROM `...', 0)
#1 C:\laragon\www\Solutoria\system\Database\BaseConnection.php(666): CodeIgniter\Database\MySQLi\Connection->execute('SELECT *\nFROM `...')
#2 C:\laragon\www\Solutoria\system\Database\BaseConnection.php(593): CodeIgniter\Database\BaseConnection->simpleQuery('SELECT *\nFROM `...')
#3 C:\laragon\www\Solutoria\system\Database\BaseBuilder.php(1585): CodeIgniter\Database\BaseConnection->query('SELECT *\nFROM `...', Array, false)
#4 C:\laragon\www\Solutoria\system\Model.php(185): CodeIgniter\Database\BaseBuilder->get()
#5 C:\laragon\www\Solutoria\system\BaseModel.php(524): CodeIgniter\Model->doFind(false, NULL)
#6 C:\laragon\www\Solutoria\app\Controllers\Crud.php(47): CodeIgniter\BaseModel->find()
#7 C:\laragon\www\Solutoria\system\CodeIgniter.php(927): App\Controllers\Crud->read()
#8 C:\laragon\www\Solutoria\system\CodeIgniter.php(482): CodeIgniter\CodeIgniter->runController(Object(App\Controllers\Crud))
#9 C:\laragon\www\Solutoria\system\CodeIgniter.php(351): CodeIgniter\CodeIgniter->handleRequest(NULL, Object(Config\Cache), false)
#10 C:\laragon\www\Solutoria\public\index.php(67): CodeIgniter\CodeIgniter->run()
#11 C:\laragon\www\Solutoria\system\Commands\Server\rewrite.php(46): require_once('C:\\laragon\\www\\...')
#12 {main}
CRITICAL - 2022-11-04 12:28:24 --> Call to a member function getResult() on bool
in SYSTEMPATH\Model.php on line 185.
 1 SYSTEMPATH\BaseModel.php(524): CodeIgniter\Model->doFind(false, null)
 2 APPPATH\Controllers\Crud.php(47): CodeIgniter\BaseModel->find()
 3 SYSTEMPATH\CodeIgniter.php(927): App\Controllers\Crud->read()
 4 SYSTEMPATH\CodeIgniter.php(482): CodeIgniter\CodeIgniter->runController(Object(App\Controllers\Crud))
 5 SYSTEMPATH\CodeIgniter.php(351): CodeIgniter\CodeIgniter->handleRequest(null, Object(Config\Cache), false)
 6 FCPATH\index.php(67): CodeIgniter\CodeIgniter->run()
 7 SYSTEMPATH\Commands\Server\rewrite.php(46): require_once('FCPATH\\index.php')
ERROR - 2022-11-04 12:28:34 --> mysqli_sql_exception: Unknown column 'fecha' in 'order clause' in C:\laragon\www\Solutoria\system\Database\MySQLi\Connection.php:292
Stack trace:
#0 C:\laragon\www\Solutoria\system\Database\MySQLi\Connection.php(292): mysqli->query('SELECT *\nFROM `...', 0)
#1 C:\laragon\www\Solutoria\system\Database\BaseConnection.php(666): CodeIgniter\Database\MySQLi\Connection->execute('SELECT *\nFROM `...')
#2 C:\laragon\www\Solutoria\system\Database\BaseConnection.php(593): CodeIgniter\Database\BaseConnection->simpleQuery('SELECT *\nFROM `...')
#3 C:\laragon\www\Solutoria\system\Database\BaseBuilder.php(1585): CodeIgniter\Database\BaseConnection->query('SELECT *\nFROM `...', Array, false)
#4 C:\laragon\www\Solutoria\system\Model.php(185): CodeIgniter\Database\BaseBuilder->get()
#5 C:\laragon\www\Solutoria\system\BaseModel.php(524): CodeIgniter\Model->doFind(false, NULL)
#6 C:\laragon\www\Solutoria\app\Controllers\Crud.php(48): CodeIgniter\BaseModel->find()
#7 C:\laragon\www\Solutoria\system\CodeIgniter.php(927): App\Controllers\Crud->read()
#8 C:\laragon\www\Solutoria\system\CodeIgniter.php(482): CodeIgniter\CodeIgniter->runController(Object(App\Controllers\Crud))
#9 C:\laragon\www\Solutoria\system\CodeIgniter.php(351): CodeIgniter\CodeIgniter->handleRequest(NULL, Object(Config\Cache), false)
#10 C:\laragon\www\Solutoria\public\index.php(67): CodeIgniter\CodeIgniter->run()
#11 C:\laragon\www\Solutoria\system\Commands\Server\rewrite.php(46): require_once('C:\\laragon\\www\\...')
#12 {main}
CRITICAL - 2022-11-04 12:28:34 --> Call to a member function getResult() on bool
in SYSTEMPATH\Model.php on line 185.
 1 SYSTEMPATH\BaseModel.php(524): CodeIgniter\Model->doFind(false, null)
 2 APPPATH\Controllers\Crud.php(48): CodeIgniter\BaseModel->find()
 3 SYSTEMPATH\CodeIgniter.php(927): App\Controllers\Crud->read()
 4 SYSTEMPATH\CodeIgniter.php(482): CodeIgniter\CodeIgniter->runController(Object(App\Controllers\Crud))
 5 SYSTEMPATH\CodeIgniter.php(351): CodeIgniter\CodeIgniter->handleRequest(null, Object(Config\Cache), false)
 6 FCPATH\index.php(67): CodeIgniter\CodeIgniter->run()
 7 SYSTEMPATH\Commands\Server\rewrite.php(46): require_once('FCPATH\\index.php')
CRITICAL - 2022-11-04 12:30:32 --> Call to undefined method App\Models\Crud_model::order_by
in SYSTEMPATH\Model.php on line 774.
 1 APPPATH\Models\Crud_model.php(45): CodeIgniter\Model->__call('order_by', [...])
 2 APPPATH\Controllers\Crud.php(44): App\Models\Crud_model->get_data()
 3 SYSTEMPATH\CodeIgniter.php(927): App\Controllers\Crud->read()
 4 SYSTEMPATH\CodeIgniter.php(482): CodeIgniter\CodeIgniter->runController(Object(App\Controllers\Crud))
 5 SYSTEMPATH\CodeIgniter.php(351): CodeIgniter\CodeIgniter->handleRequest(null, Object(Config\Cache), false)
 6 FCPATH\index.php(67): CodeIgniter\CodeIgniter->run()
 7 SYSTEMPATH\Commands\Server\rewrite.php(46): require_once('FCPATH\\index.php')
CRITICAL - 2022-11-04 12:31:46 --> Call to a member function limit() on array
in APPPATH\Models\Crud_model.php on line 45.
 1 APPPATH\Controllers\Crud.php(44): App\Models\Crud_model->get_data()
 2 SYSTEMPATH\CodeIgniter.php(927): App\Controllers\Crud->read()
 3 SYSTEMPATH\CodeIgniter.php(482): CodeIgniter\CodeIgniter->runController(Object(App\Controllers\Crud))
 4 SYSTEMPATH\CodeIgniter.php(351): CodeIgniter\CodeIgniter->handleRequest(null, Object(Config\Cache), false)
 5 FCPATH\index.php(67): CodeIgniter\CodeIgniter->run()
 6 SYSTEMPATH\Commands\Server\rewrite.php(46): require_once('FCPATH\\index.php')
CRITICAL - 2022-11-04 14:24:29 --> Too few arguments to function App\Controllers\Crud::get_valor_actual(), 0 passed in C:\laragon\www\Solutoria\system\CodeIgniter.php on line 927 and exactly 1 expected
in APPPATH\Controllers\Crud.php on line 55.
 1 SYSTEMPATH\CodeIgniter.php(927): App\Controllers\Crud->get_valor_actual()
 2 SYSTEMPATH\CodeIgniter.php(482): CodeIgniter\CodeIgniter->runController(Object(App\Controllers\Crud))
 3 SYSTEMPATH\CodeIgniter.php(351): CodeIgniter\CodeIgniter->handleRequest(null, Object(Config\Cache), false)
 4 FCPATH\index.php(67): CodeIgniter\CodeIgniter->run()
 5 SYSTEMPATH\Commands\Server\rewrite.php(46): require_once('FCPATH\\index.php')
CRITICAL - 2022-11-04 14:46:51 --> Declaration of App\Models\Crud_model::update($codigoIndicador, $fecha, $valor_nuevo) must be compatible with CodeIgniter\Model::update($id = NULL, $data = NULL): bool
in APPPATH\Models\Crud_model.php on line 56.
 1 [internal function]: CodeIgniter\Debug\Exceptions->shutdownHandler()
CRITICAL - 2022-11-04 14:47:01 --> Declaration of App\Models\Crud_model::update($codigoIndicador, $fecha, $valor_nuevo) must be compatible with CodeIgniter\Model::update($id = NULL, $data = NULL): bool
in APPPATH\Models\Crud_model.php on line 56.
 1 [internal function]: CodeIgniter\Debug\Exceptions->shutdownHandler()
CRITICAL - 2022-11-04 14:47:37 --> Declaration of App\Models\Crud_model::update($codigoIndicador, $fecha, $valor_nuevo) must be compatible with CodeIgniter\Model::update($id = NULL, $data = NULL): bool
in APPPATH\Models\Crud_model.php on line 56.
 1 [internal function]: CodeIgniter\Debug\Exceptions->shutdownHandler()
CRITICAL - 2022-11-04 14:51:45 --> Declaration of App\Models\Crud_model::update($codigoIndicador, $fecha, $valor_nuevo) must be compatible with CodeIgniter\Model::update($id = NULL, $data = NULL): bool
in APPPATH\Models\Crud_model.php on line 56.
 1 [internal function]: CodeIgniter\Debug\Exceptions->shutdownHandler()
CRITICAL - 2022-11-04 14:52:15 --> Declaration of App\Models\Crud_model::update($codigoIndicador, $fecha, $valor_nuevo) must be compatible with CodeIgniter\Model::update($id = NULL, $data = NULL): bool
in APPPATH\Models\Crud_model.php on line 56.
 1 [internal function]: CodeIgniter\Debug\Exceptions->shutdownHandler()
CRITICAL - 2022-11-04 14:52:40 --> Declaration of App\Models\Crud_model::update($codigoIndicador, $fecha, $valor_nuevo) must be compatible with CodeIgniter\Model::update($id = NULL, $data = NULL): bool
in APPPATH\Models\Crud_model.php on line 56.
 1 [internal function]: CodeIgniter\Debug\Exceptions->shutdownHandler()
CRITICAL - 2022-11-04 14:52:59 --> Declaration of App\Models\Crud_model::update($codigoIndicador, $fecha, $valor_nuevo) must be compatible with CodeIgniter\Model::update($id = NULL, $data = NULL): bool
in APPPATH\Models\Crud_model.php on line 56.
 1 [internal function]: CodeIgniter\Debug\Exceptions->shutdownHandler()
CRITICAL - 2022-11-04 14:53:04 --> Declaration of App\Models\Crud_model::update($codigoIndicador, $fecha, $valor_nuevo) must be compatible with CodeIgniter\Model::update($id = NULL, $data = NULL): bool
in APPPATH\Models\Crud_model.php on line 56.
 1 [internal function]: CodeIgniter\Debug\Exceptions->shutdownHandler()
ERROR - 2022-11-04 14:54:24 --> mysqli_sql_exception: Unknown column 'BITCOIN' in 'where clause' in C:\laragon\www\Solutoria\system\Database\MySQLi\Connection.php:292
Stack trace:
#0 C:\laragon\www\Solutoria\system\Database\MySQLi\Connection.php(292): mysqli->query('UPDATE data SET...', 0)
#1 C:\laragon\www\Solutoria\system\Database\BaseConnection.php(666): CodeIgniter\Database\MySQLi\Connection->execute('UPDATE data SET...')
#2 C:\laragon\www\Solutoria\system\Database\BaseConnection.php(593): CodeIgniter\Database\BaseConnection->simpleQuery('UPDATE data SET...')
#3 C:\laragon\www\Solutoria\app\Models\Crud_model.php(64): CodeIgniter\Database\BaseConnection->query('UPDATE data SET...')
#4 C:\laragon\www\Solutoria\app\Controllers\Crud.php(73): App\Models\Crud_model->update_data('BITCOIN', '2022-11-24', '333.00')
#5 C:\laragon\www\Solutoria\system\CodeIgniter.php(927): App\Controllers\Crud->update()
#6 C:\laragon\www\Solutoria\system\CodeIgniter.php(482): CodeIgniter\CodeIgniter->runController(Object(App\Controllers\Crud))
#7 C:\laragon\www\Solutoria\system\CodeIgniter.php(351): CodeIgniter\CodeIgniter->handleRequest(NULL, Object(Config\Cache), false)
#8 C:\laragon\www\Solutoria\public\index.php(67): CodeIgniter\CodeIgniter->run()
#9 C:\laragon\www\Solutoria\system\Commands\Server\rewrite.php(46): require_once('C:\\laragon\\www\\...')
#10 {main}
ERROR - 2022-11-04 14:55:51 --> mysqli_sql_exception: Unknown column 'BITCOIN' in 'where clause' in C:\laragon\www\Solutoria\system\Database\MySQLi\Connection.php:292
Stack trace:
#0 C:\laragon\www\Solutoria\system\Database\MySQLi\Connection.php(292): mysqli->query('UPDATE data SET...', 0)
#1 C:\laragon\www\Solutoria\system\Database\BaseConnection.php(666): CodeIgniter\Database\MySQLi\Connection->execute('UPDATE data SET...')
#2 C:\laragon\www\Solutoria\system\Database\BaseConnection.php(593): CodeIgniter\Database\BaseConnection->simpleQuery('UPDATE data SET...')
#3 C:\laragon\www\Solutoria\app\Models\Crud_model.php(64): CodeIgniter\Database\BaseConnection->query('UPDATE data SET...')
#4 C:\laragon\www\Solutoria\app\Controllers\Crud.php(73): App\Models\Crud_model->update_data('BITCOIN', '2022-11-24', '333.00')
#5 C:\laragon\www\Solutoria\system\CodeIgniter.php(927): App\Controllers\Crud->update()
#6 C:\laragon\www\Solutoria\system\CodeIgniter.php(482): CodeIgniter\CodeIgniter->runController(Object(App\Controllers\Crud))
#7 C:\laragon\www\Solutoria\system\CodeIgniter.php(351): CodeIgniter\CodeIgniter->handleRequest(NULL, Object(Config\Cache), false)
#8 C:\laragon\www\Solutoria\public\index.php(67): CodeIgniter\CodeIgniter->run()
#9 C:\laragon\www\Solutoria\system\Commands\Server\rewrite.php(46): require_once('C:\\laragon\\www\\...')
#10 {main}
